Περιβάλλοντος, Ενέργειας και Κλιματικής Αλλαγής
Οικονομικών
Υποδομών, Μεταφορών και Δικτύων
Υγείας
Επικρατείας
Διοικητικής Μεταρρύθμισης και Ηλεκτρονικής Διακυβέρνησης
Αγροτικής Ανάπτυξης και Τροφίμων
Παιδείας και Θρησκευμάτων
Κοινωνικής Ασφάλισης και Πρόνοιας
Εργασίας
Εξωτερικών
Πολιτισμού
Αθλητισμού
Ανάπτυξης και Ανταγωνιστικότητας
Τουρισμού
Δημόσιας Τάξης και Προστασίας του Πολίτη
Αγροτικής Ανάπτυξης και Τροφίμων
Δικαιοσύνης, Διαφάνειας και Ανθρωπίνων Δικαιωμάτων
Εθνικής Άμυνας
Μακεδονίας και Θράκης
Ναυτιλίας και Αιγαίου
Πολιτισμού και Αθλητισμού
Υπουργείο Αιγαίου