Θεσ/νίκης
Αιτωλ/νίας
Πειραιά
Αττικής
Χανίων
Κοζάνης
Αθηνών
Δράμας
Ηρακλείου
Χαλκιδικής
Φθιώτιδας
Κυκλάδων
Μαγνησίας
Εύβοιας
Αχαΐας
Καρδίτσας
Λάρισας
Λακωνίας
Ρεθύμνου
Ροδόπης
Πέλλας
Χίου
Πιερίας
'Αρτας
Καβάλας
Μεσσηνίας
Φωκίδας
Κιλκίς
Σερρών
Αρκαδίας
Αχαϊας
Κέρκυρας
Ηλείας
Δωδεκανήσου
Ξάνθης
Λέσβου
Βοιωτίας
Αθήνας
Αχαίας
Τρικάλων
θεσ/νίκης
Ιωαννίνων
Πειραιώς
Λασιθίου
Έβρου
'Εβρου
Κορινθίας
Πρέβεζας
Θεσσαλονίκης
Φθιώτιδος
Ευβοίας
Αργολίδας
Ημαθίας
Λευκάδας
Επικρατείας
Αιτωλοακαρνανίας
Λαρίσης
Σάμου
Καστοριάς
Γρεβενών
΄Εβρου
Ρεθύμνης
Αχα|ας
‘Εβρου
Φλώρινας
'Έβρου
Θες/νίκης
Κερκύρας
Αιτω/νίας
Εύβοιας,
Ευβοιας
Ζακύνθου
Αιτωλωακαρνανίας
Φλωρίνης
Λασιθίοιυ
Πρεβέζης
Β΄Αθηνών
Β΄Πειραιά
Πέλλης
Β΄Πειραιώς
Β΄Θεσσαλονίκης
Α΄Θεσσαλονίκης
Α΄Αθήνας
Α΄Αθηνών
Β΄Πειραιώς
Β΄ Θεσσαλονίκης
Α΄ Θεσσαλονίκης
Α΄ Αθήνας
Α΄ Αθηνών
Ευρυτανίας
Καρδίτσης
’Εβρου
Hλείας
Κεφαλληνίας
κ.
στο
Ξ;aθης
να
που